# JRE version: OpenJDK Runtime Environment (8.0_152-b06) (build 1.8.0_152-release-1136-b06)
# Java VM: OpenJDK 64-Bit Server VM (25.152-b06 mixed mode linux-amd64 compressed oops)
Heap:
 PSYoungGen      total 210432K, used 1129K [0x00000000e0000000, 0x00000000ee280000, 0x0000000100000000)
  eden space 189952K, 0% used [0x00000000e0000000,0x00000000e0000000,0x00000000eb980000)
  from space 20480K, 5% used [0x00000000eb980000,0x00000000eba9a670,0x00000000ecd80000)
  to   space 15360K, 0% used [0x00000000ecd80000,0x00000000ecd80000,0x00000000edc80000)
 ParOldGen       total 84992K, used 44178K [0x00000000a0000000, 0x00000000a5300000, 0x00000000e0000000)
  object space 84992K, 51% used [0x00000000a0000000,0x00000000a2b24b90,0x00000000a5300000)
 Metaspace       used 57162K, capacity 58944K, committed 59028K, reserved 1099776K
  class space    used 7785K, capacity 8181K, committed 8192K, reserved 1048576K
GC Heap History (10 events):
Event: 2,968 GC heap after
Heap after GC invocations=8 (full 1):
 PSYoungGen      total 134144K, used 10223K [0x00000000e0000000, 0x00000000ea700000, 0x0000000100000000)
  eden space 123904K, 0% used [0x00000000e0000000,0x00000000e0000000,0x00000000e7900000)
  from space 10240K, 99% used [0x00000000e7900000,0x00000000e82fbe90,0x00000000e8300000)
  to   space 12288K, 0% used [0x00000000e9b00000,0x00000000e9b00000,0x00000000ea700000)
 ParOldGen       total 59904K, used 10339K [0x00000000a0000000, 0x00000000a3a80000, 0x00000000e0000000)
  object space 59904K, 17% used [0x00000000a0000000,0x00000000a0a18f90,0x00000000a3a80000)
 Metaspace       used 33416K, capacity 34104K, committed 34432K, reserved 1079296K
  class space    used 4670K, capacity 4920K, committed 4992K, reserved 1048576K
}
Event: 3,035 GC heap before
{Heap before GC invocations=9 (full 1):
 PSYoungGen      total 134144K, used 16516K [0x00000000e0000000, 0x00000000ea700000, 0x0000000100000000)
  eden space 123904K, 5% used [0x00000000e0000000,0x00000000e06251b8,0x00000000e7900000)
  from space 10240K, 99% used [0x00000000e7900000,0x00000000e82fbe90,0x00000000e8300000)
  to   space 12288K, 0% used [0x00000000e9b00000,0x00000000e9b00000,0x00000000ea700000)
 ParOldGen       total 59904K, used 10339K [0x00000000a0000000, 0x00000000a3a80000, 0x00000000e0000000)
  object space 59904K, 17% used [0x00000000a0000000,0x00000000a0a18f90,0x00000000a3a80000)
 Metaspace       used 34472K, capacity 35160K, committed 35416K, reserved 1079296K
  class space    used 4766K, capacity 5016K, committed 5120K, reserved 1048576K
Event: 3,040 GC heap after
Heap after GC invocations=9 (full 1):
 PSYoungGen      total 159232K, used 7852K [0x00000000e0000000, 0x00000000ee100000, 0x0000000100000000)
  eden space 146944K, 0% used [0x00000000e0000000,0x00000000e0000000,0x00000000e8f80000)
  from space 12288K, 63% used [0x00000000e9b00000,0x00000000ea2ab270,0x00000000ea700000)
  to   space 11776K, 0% used [0x00000000e8f80000,0x00000000e8f80000,0x00000000e9b00000)
 ParOldGen       total 59904K, used 10339K [0x00000000a0000000, 0x00000000a3a80000, 0x00000000e0000000)
  object space 59904K, 17% used [0x00000000a0000000,0x00000000a0a18f90,0x00000000a3a80000)
 Metaspace       used 34472K, capacity 35160K, committed 35416K, reserved 1079296K
  class space    used 4766K, capacity 5016K, committed 5120K, reserved 1048576K
}
Event: 3,040 GC heap before
{Heap before GC invocations=10 (full 2):
 PSYoungGen      total 159232K, used 7852K [0x00000000e0000000, 0x00000000ee100000, 0x0000000100000000)
  eden space 146944K, 0% used [0x00000000e0000000,0x00000000e0000000,0x00000000e8f80000)
  from space 12288K, 63% used [0x00000000e9b00000,0x00000000ea2ab270,0x00000000ea700000)
  to   space 11776K, 0% used [0x00000000e8f80000,0x00000000e8f80000,0x00000000e9b00000)
 ParOldGen       total 59904K, used 10339K [0x00000000a0000000, 0x00000000a3a80000, 0x00000000e0000000)
  object space 59904K, 17% used [0x00000000a0000000,0x00000000a0a18f90,0x00000000a3a80000)
 Metaspace       used 34472K, capacity 35160K, committed 35416K, reserved 1079296K
  class space    used 4766K, capacity 5016K, committed 5120K, reserved 1048576K
Event: 3,081 GC heap after
Heap after GC invocations=10 (full 2):
 PSYoungGen      total 159232K, used 0K [0x00000000e0000000, 0x00000000ee100000, 0x0000000100000000)
  eden space 146944K, 0% used [0x00000000e0000000,0x00000000e0000000,0x00000000e8f80000)
  from space 12288K, 0% used [0x00000000e9b00000,0x00000000e9b00000,0x00000000ea700000)
  to   space 11776K, 0% used [0x00000000e8f80000,0x00000000e8f80000,0x00000000e9b00000)
 ParOldGen       total 84992K, used 14378K [0x00000000a0000000, 0x00000000a5300000, 0x00000000e0000000)
  object space 84992K, 16% used [0x00000000a0000000,0x00000000a0e0aae8,0x00000000a5300000)
 Metaspace       used 34472K, capacity 35160K, committed 35416K, reserved 1079296K
  class space    used 4766K, capacity 5016K, committed 5120K, reserved 1048576K
}
Event: 4,077 GC heap before
{Heap before GC invocations=11 (full 2):
 PSYoungGen      total 159232K, used 146944K [0x00000000e0000000, 0x00000000ee100000, 0x0000000100000000)
  eden space 146944K, 100% used [0x00000000e0000000,0x00000000e8f80000,0x00000000e8f80000)
  from space 12288K, 0% used [0x00000000e9b00000,0x00000000e9b00000,0x00000000ea700000)
  to   space 11776K, 0% used [0x00000000e8f80000,0x00000000e8f80000,0x00000000e9b00000)
 ParOldGen       total 84992K, used 14378K [0x00000000a0000000, 0x00000000a5300000, 0x00000000e0000000)
  object space 84992K, 16% used [0x00000000a0000000,0x00000000a0e0aae8,0x00000000a5300000)
 Metaspace       used 43848K, capacity 44872K, committed 45184K, reserved 1087488K
  class space    used 5948K, capacity 6255K, committed 6272K, reserved 1048576K
Event: 4,091 GC heap after
Heap after GC invocations=11 (full 2):
 PSYoungGen      total 158720K, used 11768K [0x00000000e0000000, 0x00000000edc80000, 0x0000000100000000)
  eden space 146944K, 0% used [0x00000000e0000000,0x00000000e0000000,0x00000000e8f80000)
  from space 11776K, 99% used [0x00000000e8f80000,0x00000000e9afe118,0x00000000e9b00000)
  to   space 15360K, 0% used [0x00000000ecd80000,0x00000000ecd80000,0x00000000edc80000)
 ParOldGen       total 84992K, used 19586K [0x00000000a0000000, 0x00000000a5300000, 0x00000000e0000000)
  object space 84992K, 23% used [0x00000000a0000000,0x00000000a1320aa0,0x00000000a5300000)
 Metaspace       used 43848K, capacity 44872K, committed 45184K, reserved 1087488K
  class space    used 5948K, capacity 6255K, committed 6272K, reserved 1048576K
}
Event: 5,600 GC heap before
{Heap before GC invocations=12 (full 2):
 PSYoungGen      total 158720K, used 158712K [0x00000000e0000000, 0x00000000edc80000, 0x0000000100000000)
  eden space 146944K, 100% used [0x00000000e0000000,0x00000000e8f80000,0x00000000e8f80000)
  from space 11776K, 99% used [0x00000000e8f80000,0x00000000e9afe118,0x00000000e9b00000)
  to   space 15360K, 0% used [0x00000000ecd80000,0x00000000ecd80000,0x00000000edc80000)
 ParOldGen       total 84992K, used 19586K [0x00000000a0000000, 0x00000000a5300000, 0x00000000e0000000)
  object space 84992K, 23% used [0x00000000a0000000,0x00000000a1320aa0,0x00000000a5300000)
 Metaspace       used 56609K, capacity 58402K, committed 58624K, reserved 1099776K
  class space    used 7700K, capacity 8112K, committed 8192K, reserved 1048576K
Event: 5,617 GC heap after
Heap after GC invocations=12 (full 2):
 PSYoungGen      total 205312K, used 15357K [0x00000000e0000000, 0x00000000ee280000, 0x0000000100000000)
  eden space 189952K, 0% used [0x00000000e0000000,0x00000000e0000000,0x00000000eb980000)
  from space 15360K, 99% used [0x00000000ecd80000,0x00000000edc7f540,0x00000000edc80000)
  to   space 20480K, 0% used [0x00000000eb980000,0x00000000eb980000,0x00000000ecd80000)
 ParOldGen       total 84992K, used 28784K [0x00000000a0000000, 0x00000000a5300000, 0x00000000e0000000)
  object space 84992K, 33% used [0x00000000a0000000,0x00000000a1c1c3e8,0x00000000a5300000)
 Metaspace       used 56609K, capacity 58402K, committed 58624K, reserved 1099776K
  class space    used 7700K, capacity 8112K, committed 8192K, reserved 1048576K
}
Event: 5,771 GC heap before
{Heap before GC invocations=13 (full 2):
 PSYoungGen      total 205312K, used 31219K [0x00000000e0000000, 0x00000000ee280000, 0x0000000100000000)
  eden space 189952K, 8% used [0x00000000e0000000,0x00000000e0f7da20,0x00000000eb980000)
  from space 15360K, 99% used [0x00000000ecd80000,0x00000000edc7f540,0x00000000edc80000)
  to   space 20480K, 0% used [0x00000000eb980000,0x00000000eb980000,0x00000000ecd80000)
 ParOldGen       total 84992K, used 28784K [0x00000000a0000000, 0x00000000a5300000, 0x00000000e0000000)
  object space 84992K, 33% used [0x00000000a0000000,0x00000000a1c1c3e8,0x00000000a5300000)
 Metaspace       used 57162K, capacity 58944K, committed 59028K, reserved 1099776K
  class space    used 7785K, capacity 8181K, committed 8192K, reserved 1048576K

