# JRE version: OpenJDK Runtime Environment (8.0_152) (build 1.8.0_152-release-1343-b16-5323222)
# Java VM: OpenJDK 64-Bit Server VM (25.152-b16-5323222 mixed mode linux-amd64 compressed oops)
Heap:
 PSYoungGen      total 235008K, used 54247K [0x00000000e0000000, 0x00000000f2900000, 0x0000000100000000)
  eden space 180736K, 0% used [0x00000000e0000000,0x00000000e0000000,0x00000000eb080000)
  from space 54272K, 99% used [0x00000000eb080000,0x00000000ee579d08,0x00000000ee580000)
  to   space 41984K, 0% used [0x00000000ee580000,0x00000000ee580000,0x00000000f0e80000)
 ParOldGen       total 168448K, used 119021K [0x00000000a0000000, 0x00000000aa480000, 0x00000000e0000000)
  object space 168448K, 70% used [0x00000000a0000000,0x00000000a743b7e0,0x00000000aa480000)
 Metaspace       used 74848K, capacity 76199K, committed 76416K, reserved 1116160K
  class space    used 8997K, capacity 9316K, committed 9344K, reserved 1048576K
GC Heap History (10 events):
Event: 6,555 GC heap after
Heap after GC invocations=12 (full 3):
 PSYoungGen      total 157696K, used 29669K [0x00000000e0000000, 0x00000000efe00000, 0x0000000100000000)
  eden space 128000K, 0% used [0x00000000e0000000,0x00000000e0000000,0x00000000e7d00000)
  from space 29696K, 99% used [0x00000000e7d00000,0x00000000e99f95e8,0x00000000e9a00000)
  to   space 42496K, 0% used [0x00000000ed480000,0x00000000ed480000,0x00000000efe00000)
 ParOldGen       total 94720K, used 50711K [0x00000000a0000000, 0x00000000a5c80000, 0x00000000e0000000)
  object space 94720K, 53% used [0x00000000a0000000,0x00000000a3185ea0,0x00000000a5c80000)
 Metaspace       used 55291K, capacity 56299K, committed 56448K, reserved 1097728K
  class space    used 6962K, capacity 7218K, committed 7296K, reserved 1048576K
}
Event: 7,343 GC heap before
{Heap before GC invocations=13 (full 3):
 PSYoungGen      total 157696K, used 81010K [0x00000000e0000000, 0x00000000efe00000, 0x0000000100000000)
  eden space 128000K, 40% used [0x00000000e0000000,0x00000000e3223340,0x00000000e7d00000)
  from space 29696K, 99% used [0x00000000e7d00000,0x00000000e99f95e8,0x00000000e9a00000)
  to   space 42496K, 0% used [0x00000000ed480000,0x00000000ed480000,0x00000000efe00000)
 ParOldGen       total 94720K, used 50711K [0x00000000a0000000, 0x00000000a5c80000, 0x00000000e0000000)
  object space 94720K, 53% used [0x00000000a0000000,0x00000000a3185ea0,0x00000000a5c80000)
 Metaspace       used 57920K, capacity 59033K, committed 59096K, reserved 1101824K
  class space    used 7218K, capacity 7503K, committed 7552K, reserved 1048576K
Event: 7,374 GC heap after
Heap after GC invocations=13 (full 3):
 PSYoungGen      total 185344K, used 27195K [0x00000000e0000000, 0x00000000eef80000, 0x0000000100000000)
  eden space 157696K, 0% used [0x00000000e0000000,0x00000000e0000000,0x00000000e9a00000)
  from space 27648K, 98% used [0x00000000ed480000,0x00000000eef0edc0,0x00000000eef80000)
  to   space 43520K, 0% used [0x00000000e9a80000,0x00000000e9a80000,0x00000000ec500000)
 ParOldGen       total 94720K, used 61352K [0x00000000a0000000, 0x00000000a5c80000, 0x00000000e0000000)
  object space 94720K, 64% used [0x00000000a0000000,0x00000000a3bea0b8,0x00000000a5c80000)
 Metaspace       used 57920K, capacity 59033K, committed 59096K, reserved 1101824K
  class space    used 7218K, capacity 7503K, committed 7552K, reserved 1048576K
}
Event: 7,374 GC heap before
{Heap before GC invocations=14 (full 4):
 PSYoungGen      total 185344K, used 27195K [0x00000000e0000000, 0x00000000eef80000, 0x0000000100000000)
  eden space 157696K, 0% used [0x00000000e0000000,0x00000000e0000000,0x00000000e9a00000)
  from space 27648K, 98% used [0x00000000ed480000,0x00000000eef0edc0,0x00000000eef80000)
  to   space 43520K, 0% used [0x00000000e9a80000,0x00000000e9a80000,0x00000000ec500000)
 ParOldGen       total 94720K, used 61352K [0x00000000a0000000, 0x00000000a5c80000, 0x00000000e0000000)
  object space 94720K, 64% used [0x00000000a0000000,0x00000000a3bea0b8,0x00000000a5c80000)
 Metaspace       used 57920K, capacity 59033K, committed 59096K, reserved 1101824K
  class space    used 7218K, capacity 7503K, committed 7552K, reserved 1048576K
Event: 7,509 GC heap after
Heap after GC invocations=14 (full 4):
 PSYoungGen      total 185344K, used 0K [0x00000000e0000000, 0x00000000eef80000, 0x0000000100000000)
  eden space 157696K, 0% used [0x00000000e0000000,0x00000000e0000000,0x00000000e9a00000)
  from space 27648K, 0% used [0x00000000ed480000,0x00000000ed480000,0x00000000eef80000)
  to   space 43520K, 0% used [0x00000000e9a80000,0x00000000e9a80000,0x00000000ec500000)
 ParOldGen       total 168448K, used 65368K [0x00000000a0000000, 0x00000000aa480000, 0x00000000e0000000)
  object space 168448K, 38% used [0x00000000a0000000,0x00000000a3fd62d0,0x00000000aa480000)
 Metaspace       used 57920K, capacity 59033K, committed 59096K, reserved 1101824K
  class space    used 7218K, capacity 7503K, committed 7552K, reserved 1048576K
}
Event: 9,648 GC heap before
{Heap before GC invocations=15 (full 4):
 PSYoungGen      total 185344K, used 157696K [0x00000000e0000000, 0x00000000eef80000, 0x0000000100000000)
  eden space 157696K, 100% used [0x00000000e0000000,0x00000000e9a00000,0x00000000e9a00000)
  from space 27648K, 0% used [0x00000000ed480000,0x00000000ed480000,0x00000000eef80000)
  to   space 43520K, 0% used [0x00000000e9a80000,0x00000000e9a80000,0x00000000ec500000)
 ParOldGen       total 168448K, used 65368K [0x00000000a0000000, 0x00000000aa480000, 0x00000000e0000000)
  object space 168448K, 38% used [0x00000000a0000000,0x00000000a3fd62d0,0x00000000aa480000)
 Metaspace       used 65651K, capacity 66953K, committed 67328K, reserved 1107968K
  class space    used 8005K, capacity 8347K, committed 8448K, reserved 1048576K
Event: 9,666 GC heap after
Heap after GC invocations=15 (full 4):
 PSYoungGen      total 201728K, used 12901K [0x00000000e0000000, 0x00000000f0e80000, 0x0000000100000000)
  eden space 158208K, 0% used [0x00000000e0000000,0x00000000e0000000,0x00000000e9a80000)
  from space 43520K, 29% used [0x00000000e9a80000,0x00000000ea7197d8,0x00000000ec500000)
  to   space 41984K, 0% used [0x00000000ee580000,0x00000000ee580000,0x00000000f0e80000)
 ParOldGen       total 168448K, used 65376K [0x00000000a0000000, 0x00000000aa480000, 0x00000000e0000000)
  object space 168448K, 38% used [0x00000000a0000000,0x00000000a3fd82d0,0x00000000aa480000)
 Metaspace       used 65651K, capacity 66953K, committed 67328K, reserved 1107968K
  class space    used 8005K, capacity 8347K, committed 8448K, reserved 1048576K
}
Event: 10,700 GC heap before
{Heap before GC invocations=16 (full 4):
 PSYoungGen      total 201728K, used 171109K [0x00000000e0000000, 0x00000000f0e80000, 0x0000000100000000)
  eden space 158208K, 100% used [0x00000000e0000000,0x00000000e9a80000,0x00000000e9a80000)
  from space 43520K, 29% used [0x00000000e9a80000,0x00000000ea7197d8,0x00000000ec500000)
  to   space 41984K, 0% used [0x00000000ee580000,0x00000000ee580000,0x00000000f0e80000)
 ParOldGen       total 168448K, used 65376K [0x00000000a0000000, 0x00000000aa480000, 0x00000000e0000000)
  object space 168448K, 38% used [0x00000000a0000000,0x00000000a3fd82d0,0x00000000aa480000)
 Metaspace       used 67377K, capacity 68705K, committed 68992K, reserved 1110016K
  class space    used 8115K, capacity 8483K, committed 8576K, reserved 1048576K
Event: 10,734 GC heap after
Heap after GC invocations=16 (full 4):
 PSYoungGen      total 222720K, used 41965K [0x00000000e0000000, 0x00000000f2900000, 0x0000000100000000)
  eden space 180736K, 0% used [0x00000000e0000000,0x00000000e0000000,0x00000000eb080000)
  from space 41984K, 99% used [0x00000000ee580000,0x00000000f0e7b550,0x00000000f0e80000)
  to   space 54272K, 0% used [0x00000000eb080000,0x00000000eb080000,0x00000000ee580000)
 ParOldGen       total 168448K, used 80471K [0x00000000a0000000, 0x00000000aa480000, 0x00000000e0000000)
  object space 168448K, 47% used [0x00000000a0000000,0x00000000a4e95f00,0x00000000aa480000)
 Metaspace       used 67377K, capacity 68705K, committed 68992K, reserved 1110016K
  class space    used 8115K, capacity 8483K, committed 8576K, reserved 1048576K
}
Event: 12,311 GC heap before
{Heap before GC invocations=17 (full 4):
 PSYoungGen      total 222720K, used 222701K [0x00000000e0000000, 0x00000000f2900000, 0x0000000100000000)
  eden space 180736K, 100% used [0x00000000e0000000,0x00000000eb080000,0x00000000eb080000)
  from space 41984K, 99% used [0x00000000ee580000,0x00000000f0e7b550,0x00000000f0e80000)
  to   space 54272K, 0% used [0x00000000eb080000,0x00000000eb080000,0x00000000ee580000)
 ParOldGen       total 168448K, used 80471K [0x00000000a0000000, 0x00000000aa480000, 0x00000000e0000000)
  object space 168448K, 47% used [0x00000000a0000000,0x00000000a4e95f00,0x00000000aa480000)
 Metaspace       used 74848K, capacity 76199K, committed 76416K, reserved 1116160K
  class space    used 8997K, capacity 9316K, committed 9344K, reserved 1048576K

