# JRE version: OpenJDK Runtime Environment (8.0_152-b06) (build 1.8.0_152-release-1136-b06)
# Java VM: OpenJDK 64-Bit Server VM (25.152-b06 mixed mode linux-amd64 compressed oops)
Heap:
 PSYoungGen      total 204800K, used 0K [0x00000000e0000000, 0x00000000f1200000, 0x0000000100000000)
  eden space 184320K, 0% used [0x00000000e0000000,0x00000000e0000000,0x00000000eb400000)
  from space 20480K, 0% used [0x00000000eb400000,0x00000000eb400000,0x00000000ec800000)
  to   space 19968K, 0% used [0x00000000efe80000,0x00000000efe80000,0x00000000f1200000)
 ParOldGen       total 84480K, used 31195K [0x00000000a0000000, 0x00000000a5280000, 0x00000000e0000000)
  object space 84480K, 36% used [0x00000000a0000000,0x00000000a1e76f80,0x00000000a5280000)
 Metaspace       used 57296K, capacity 59024K, committed 59028K, reserved 1099776K
  class space    used 7797K, capacity 8191K, committed 8192K, reserved 1048576K
GC Heap History (10 events):
Event: 3,146 GC heap after
Heap after GC invocations=9 (full 1):
 PSYoungGen      total 155648K, used 7827K [0x00000000e0000000, 0x00000000ed980000, 0x0000000100000000)
  eden space 143360K, 0% used [0x00000000e0000000,0x00000000e0000000,0x00000000e8c00000)
  from space 12288K, 63% used [0x00000000e9780000,0x00000000e9f24c38,0x00000000ea380000)
  to   space 11776K, 0% used [0x00000000e8c00000,0x00000000e8c00000,0x00000000e9780000)
 ParOldGen       total 59392K, used 10397K [0x00000000a0000000, 0x00000000a3a00000, 0x00000000e0000000)
  object space 59392K, 17% used [0x00000000a0000000,0x00000000a0a276f8,0x00000000a3a00000)
 Metaspace       used 34517K, capacity 35174K, committed 35416K, reserved 1079296K
  class space    used 4781K, capacity 5023K, committed 5120K, reserved 1048576K
}
Event: 3,146 GC heap before
{Heap before GC invocations=10 (full 2):
 PSYoungGen      total 155648K, used 7827K [0x00000000e0000000, 0x00000000ed980000, 0x0000000100000000)
  eden space 143360K, 0% used [0x00000000e0000000,0x00000000e0000000,0x00000000e8c00000)
  from space 12288K, 63% used [0x00000000e9780000,0x00000000e9f24c38,0x00000000ea380000)
  to   space 11776K, 0% used [0x00000000e8c00000,0x00000000e8c00000,0x00000000e9780000)
 ParOldGen       total 59392K, used 10397K [0x00000000a0000000, 0x00000000a3a00000, 0x00000000e0000000)
  object space 59392K, 17% used [0x00000000a0000000,0x00000000a0a276f8,0x00000000a3a00000)
 Metaspace       used 34517K, capacity 35174K, committed 35416K, reserved 1079296K
  class space    used 4781K, capacity 5023K, committed 5120K, reserved 1048576K
Event: 3,183 GC heap after
Heap after GC invocations=10 (full 2):
 PSYoungGen      total 155648K, used 0K [0x00000000e0000000, 0x00000000ed980000, 0x0000000100000000)
  eden space 143360K, 0% used [0x00000000e0000000,0x00000000e0000000,0x00000000e8c00000)
  from space 12288K, 0% used [0x00000000e9780000,0x00000000e9780000,0x00000000ea380000)
  to   space 11776K, 0% used [0x00000000e8c00000,0x00000000e8c00000,0x00000000e9780000)
 ParOldGen       total 84480K, used 14361K [0x00000000a0000000, 0x00000000a5280000, 0x00000000e0000000)
  object space 84480K, 17% used [0x00000000a0000000,0x00000000a0e06788,0x00000000a5280000)
 Metaspace       used 34517K, capacity 35174K, committed 35416K, reserved 1079296K
  class space    used 4781K, capacity 5023K, committed 5120K, reserved 1048576K
}
Event: 4,334 GC heap before
{Heap before GC invocations=11 (full 2):
 PSYoungGen      total 155648K, used 143360K [0x00000000e0000000, 0x00000000ed980000, 0x0000000100000000)
  eden space 143360K, 100% used [0x00000000e0000000,0x00000000e8c00000,0x00000000e8c00000)
  from space 12288K, 0% used [0x00000000e9780000,0x00000000e9780000,0x00000000ea380000)
  to   space 11776K, 0% used [0x00000000e8c00000,0x00000000e8c00000,0x00000000e9780000)
 ParOldGen       total 84480K, used 14361K [0x00000000a0000000, 0x00000000a5280000, 0x00000000e0000000)
  object space 84480K, 17% used [0x00000000a0000000,0x00000000a0e06788,0x00000000a5280000)
 Metaspace       used 43647K, capacity 44658K, committed 44928K, reserved 1087488K
  class space    used 5910K, capacity 6204K, committed 6272K, reserved 1048576K
Event: 4,347 GC heap after
Heap after GC invocations=11 (full 2):
 PSYoungGen      total 155136K, used 11768K [0x00000000e0000000, 0x00000000ed700000, 0x0000000100000000)
  eden space 143360K, 0% used [0x00000000e0000000,0x00000000e0000000,0x00000000e8c00000)
  from space 11776K, 99% used [0x00000000e8c00000,0x00000000e977e108,0x00000000e9780000)
  to   space 15360K, 0% used [0x00000000ec800000,0x00000000ec800000,0x00000000ed700000)
 ParOldGen       total 84480K, used 19248K [0x00000000a0000000, 0x00000000a5280000, 0x00000000e0000000)
  object space 84480K, 22% used [0x00000000a0000000,0x00000000a12cc140,0x00000000a5280000)
 Metaspace       used 43647K, capacity 44658K, committed 44928K, reserved 1087488K
  class space    used 5910K, capacity 6204K, committed 6272K, reserved 1048576K
}
Event: 5,838 GC heap before
{Heap before GC invocations=12 (full 2):
 PSYoungGen      total 155136K, used 155128K [0x00000000e0000000, 0x00000000ed700000, 0x0000000100000000)
  eden space 143360K, 100% used [0x00000000e0000000,0x00000000e8c00000,0x00000000e8c00000)
  from space 11776K, 99% used [0x00000000e8c00000,0x00000000e977e108,0x00000000e9780000)
  to   space 15360K, 0% used [0x00000000ec800000,0x00000000ec800000,0x00000000ed700000)
 ParOldGen       total 84480K, used 19248K [0x00000000a0000000, 0x00000000a5280000, 0x00000000e0000000)
  object space 84480K, 22% used [0x00000000a0000000,0x00000000a12cc140,0x00000000a5280000)
 Metaspace       used 56449K, capacity 58200K, committed 58368K, reserved 1099776K
  class space    used 7684K, capacity 8091K, committed 8192K, reserved 1048576K
Event: 5,860 GC heap after
Heap after GC invocations=12 (full 2):
 PSYoungGen      total 199680K, used 15341K [0x00000000e0000000, 0x00000000ede80000, 0x0000000100000000)
  eden space 184320K, 0% used [0x00000000e0000000,0x00000000e0000000,0x00000000eb400000)
  from space 15360K, 99% used [0x00000000ec800000,0x00000000ed6fb540,0x00000000ed700000)
  to   space 20480K, 0% used [0x00000000eb400000,0x00000000eb400000,0x00000000ec800000)
 ParOldGen       total 84480K, used 27897K [0x00000000a0000000, 0x00000000a5280000, 0x00000000e0000000)
  object space 84480K, 33% used [0x00000000a0000000,0x00000000a1b3e4d0,0x00000000a5280000)
 Metaspace       used 56449K, capacity 58200K, committed 58368K, reserved 1099776K
  class space    used 7684K, capacity 8091K, committed 8192K, reserved 1048576K
}
Event: 6,700 GC heap before
{Heap before GC invocations=13 (full 2):
 PSYoungGen      total 199680K, used 38835K [0x00000000e0000000, 0x00000000ede80000, 0x0000000100000000)
  eden space 184320K, 12% used [0x00000000e0000000,0x00000000e16f17e8,0x00000000eb400000)
  from space 15360K, 99% used [0x00000000ec800000,0x00000000ed6fb540,0x00000000ed700000)
  to   space 20480K, 0% used [0x00000000eb400000,0x00000000eb400000,0x00000000ec800000)
 ParOldGen       total 84480K, used 27897K [0x00000000a0000000, 0x00000000a5280000, 0x00000000e0000000)
  object space 84480K, 33% used [0x00000000a0000000,0x00000000a1b3e4d0,0x00000000a5280000)
 Metaspace       used 57296K, capacity 59024K, committed 59028K, reserved 1099776K
  class space    used 7797K, capacity 8191K, committed 8192K, reserved 1048576K
Event: 6,723 GC heap after
Heap after GC invocations=13 (full 2):
 PSYoungGen      total 204800K, used 7779K [0x00000000e0000000, 0x00000000f1200000, 0x0000000100000000)
  eden space 184320K, 0% used [0x00000000e0000000,0x00000000e0000000,0x00000000eb400000)
  from space 20480K, 37% used [0x00000000eb400000,0x00000000ebb98d38,0x00000000ec800000)
  to   space 19968K, 0% used [0x00000000efe80000,0x00000000efe80000,0x00000000f1200000)
 ParOldGen       total 84480K, used 37169K [0x00000000a0000000, 0x00000000a5280000, 0x00000000e0000000)
  object space 84480K, 43% used [0x00000000a0000000,0x00000000a244c408,0x00000000a5280000)
 Metaspace       used 57296K, capacity 59024K, committed 59028K, reserved 1099776K
  class space    used 7797K, capacity 8191K, committed 8192K, reserved 1048576K
}
Event: 6,724 GC heap before
{Heap before GC invocations=14 (full 3):
 PSYoungGen      total 204800K, used 7779K [0x00000000e0000000, 0x00000000f1200000, 0x0000000100000000)
  eden space 184320K, 0% used [0x00000000e0000000,0x00000000e0000000,0x00000000eb400000)
  from space 20480K, 37% used [0x00000000eb400000,0x00000000ebb98d38,0x00000000ec800000)
  to   space 19968K, 0% used [0x00000000efe80000,0x00000000efe80000,0x00000000f1200000)
 ParOldGen       total 84480K, used 37169K [0x00000000a0000000, 0x00000000a5280000, 0x00000000e0000000)
  object space 84480K, 43% used [0x00000000a0000000,0x00000000a244c408,0x00000000a5280000)
 Metaspace       used 57296K, capacity 59024K, committed 59028K, reserved 1099776K
  class space    used 7797K, capacity 8191K, committed 8192K, reserved 1048576K

